<?xml version="1.0" encoding="UTF-8"?>
<!-- Generated by org.testng.reporters.JUnitReportReporter -->
<testsuite hostname="ArshadQA-PC" failures="0" tests="2" name="tests.TC001" time="2.246" errors="0" timestamp="2023-10-06T17:52:18 PKT" skipped="0">
  <testcase classname="tests.TC001" name="Approach1" time="1.577"/>
  <testcase classname="tests.TC001" name="Approach2" time="0.669"/>
</testsuite> <!-- tests.TC001 -->
